<?xml version="1.0" encoding="UTF-8"?>
<testng-results skipped="0" failed="0" ignored="0" total="1" passed="1">
  <reporter-output>
    <line>
      <![CDATA[Page Loaded successfully]]>
    </line>
    <line>
      <![CDATA[Online Shopping site in India: Shop Online for Mobiles, Books, Watches, Shoes and More - Amazon.in]]>
    </line>
    <line>
      <![CDATA[Home Window: CDwindow-8B523A3CA84FBBB253F425191259518F]]>
    </line>
    <line>
      <![CDATA[Error Message for Invalid Phone Number: Incorrect phone number]]>
    </line>
    <line>
      <![CDATA[Successfully Navigated to Home Page ]]>
    </line>
    <line>
      <![CDATA[Book Name: The Monk Who Sold His Ferrari]]>
    </line>
    <line>
      <![CDATA[Book Cost: 151]]>
    </line>
    <line>
      <![CDATA[Clicked the Book]]>
    </line>
    <line>
      <![CDATA[Buy The Monk Who Sold His Ferrari Book Online at Low Prices in India | The Monk Who Sold His Ferrari Reviews & Ratings - Amazon.in]]>
    </line>
    <line>
      <![CDATA[Clicked - Add To Cart]]>
    </line>
    <line>
      <![CDATA[Name and cost of book are verified]]>
    </line>
  </reporter-output>
  <suite name="Default suite" duration-ms="82006" started-at="2021-10-12T06:29:56Z" finished-at="2021-10-12T06:31:18Z">
    <groups>
    </groups>
    <test name="Default test" duration-ms="82006" started-at="2021-10-12T06:29:56Z" finished-at="2021-10-12T06:31:18Z">
      <class name="org.amazon.test.SignInTest">
        <test-method status="PASS" signature="AddBookToCartTest()[pri:0, instance:org.amazon.test.SignInTest@bbfa04]" name="AddBookToCartTest" duration-ms="81775" started-at="2021-10-12T06:29:56Z" finished-at="2021-10-12T06:31:18Z">
          <reporter-output>
            <line>
              <![CDATA[Page Loaded successfully]]>
            </line>
            <line>
              <![CDATA[Online Shopping site in India: Shop Online for Mobiles, Books, Watches, Shoes and More - Amazon.in]]>
            </line>
            <line>
              <![CDATA[Home Window: CDwindow-8B523A3CA84FBBB253F425191259518F]]>
            </line>
            <line>
              <![CDATA[Error Message for Invalid Phone Number: Incorrect phone number]]>
            </line>
            <line>
              <![CDATA[Successfully Navigated to Home Page ]]>
            </line>
            <line>
              <![CDATA[Book Name: The Monk Who Sold His Ferrari]]>
            </line>
            <line>
              <![CDATA[Book Cost: 151]]>
            </line>
            <line>
              <![CDATA[Clicked the Book]]>
            </line>
            <line>
              <![CDATA[Buy The Monk Who Sold His Ferrari Book Online at Low Prices in India | The Monk Who Sold His Ferrari Reviews & Ratings - Amazon.in]]>
            </line>
            <line>
              <![CDATA[Clicked - Add To Cart]]>
            </line>
            <line>
              <![CDATA[Name and cost of book are verified]]>
            </line>
          </reporter-output>
        </test-method> <!-- AddBookToCartTest -->
      </class> <!-- org.amazon.test.SignInTest -->
    </test> <!-- Default test -->
  </suite> <!-- Default suite -->
</testng-results>
